<?xml version="1.0" encoding="UTF-8"?>
<!-- Generated by org.testng.reporters.JUnitReportReporter -->
<testsuite hostname="mum-mob0355" failures="0" tests="1" name="TestCases.BaseClass" time="13.123" errors="0" timestamp="28 Jan 2021 09:45:26 GMT" skipped="0">
  <testcase classname="TestCases.BaseClass" name="setup" time="13.123"/>
</testsuite> <!-- TestCases.BaseClass -->
