<?xml version="1.0" encoding="UTF-8"?>
<!-- Generated by org.testng.reporters.JUnitReportReporter -->
<testsuite hostname="mum-mob0355" failures="0" tests="5" name="TestCases.TestCase" time="44.162" errors="0" timestamp="2021-01-28T23:50:18 IST" skipped="0">
  <testcase classname="TestCases.TestCase" name="test003" time="10.820"/>
  <system-out/>
  <testcase classname="TestCases.TestCase" name="test003" time="15.634"/>
  <system-out/>
  <testcase classname="TestCases.TestCase" name="test002" time="3.642"/>
  <system-out/>
  <testcase classname="TestCases.TestCase" name="test001" time="4.577"/>
  <system-out/>
  <testcase classname="TestCases.TestCase" name="test003" time="9.489"/>
  <system-out/>
</testsuite> <!-- TestCases.TestCase -->
